#
# A fatal error has been detected by the Java Runtime Environment:
#
#  SIGSEGV (0xb) at pc=0x00007fc54417b40f, pid=14730, tid=140485237208896
#
# JRE version: 6.0_24-b24
# Java VM: OpenJDK 64-Bit Server VM (20.0-b12 mixed mode linux-amd64 compressed oops)
# Derivative: IcedTea6 1.11.4
# Distribution: Ubuntu 12.04 LTS, package 6b24-1.11.4-1ubuntu0.12.04.1
# Problematic frame:
# V  [libjvm.so+0x4be40f]  jni_GetStringUTFChars+0x7f
#
# If you would like to submit a bug report, please include
# instructions how to reproduce the bug and visit:
#   https://bugs.launchpad.net/ubuntu/+source/openjdk-6/
#

---------------  T H R E A D  ---------------

Current thread (0x0000000002007000):  JavaThread "main" [_thread_in_vm, id=14730, stack(0x00007fff5ff0b000,0x00007fff6000b000)]

siginfo:si_signo=SIGSEGV: si_errno=0, si_code=1 (SEGV_MAPERR), si_addr=0x0000000000000000

Registers:
RAX=0x00007fc54449d6b8, RBX=0x0000000000000000, RCX=0x0000000000000000, RDX=0x0000000002007c88
RSP=0x00007fff60007b90, RBP=0x00007fff60007c00, RSI=0x0000000002007000, RDI=0x0000000002007000
R8 =0x00007fc54417b390, R9 =0x0000000000020000, R10=0x00007fc54449d6b8, R11=0x0000000000000020
R12=0x0000000002007000, R13=0x00007fff60007da0, R14=0x0000000000000000, R15=0x0000000000000000
RIP=0x00007fc54417b40f, EFLAGS=0x0000000000010287, CSGSFS=0x0000000000000033, ERR=0x0000000000000004
  TRAPNO=0x000000000000000e

Top of Stack: (sp=0x00007fff60007b90)
0x00007fff60007b90:   0000000002007000 0000000002007c80
0x00007fff60007ba0:   00000000000001b8 00007fc54449d6b8
0x00007fff60007bb0:   0000000002007000 00007fc543978eb5
0x00007fff60007bc0:   0000000002007000 00007fc5439791ff
0x00007fff60007bd0:   0000000002007000 0000000000000000
0x00007fff60007be0:   0000000000400520 00007fff60007da0
0x00007fff60007bf0:   0000000000000000 0000000000000000
0x00007fff60007c00:   00007fff60007cc0 0000000000400784
0x00007fff60007c10:   0000000000400a90 00007fc54390e9f8
0x00007fff60007c20:   0000000000400aa8 00000000004003b5
0x00007fff60007c30:   0000000200010004 00007fff60007c10
0x00007fff60007c40:   0000000000000000 00000000020071d0
0x00007fff60007c50:   00007fc54484b860 0000000000000000
0x00007fff60007c60:   0000000002008750 0000000002066ee8
0x00007fff60007c70:   0000000000400b60 0000000002008758
0x00007fff60007c80:   0000000000000000 00000000004009e5
0x00007fff60007c90:   00007fff60007db8 00000000004009a0
0x00007fff60007ca0:   0000000000000000 0000000000400520
0x00007fff60007cb0:   00007fff60007da0 0000000000000000
0x00007fff60007cc0:   0000000000000000 00007fc54391f76d
0x00007fff60007cd0:   0000000000000000 00007fff60007da8
0x00007fff60007ce0:   0000000100000000 0000000000400604
0x00007fff60007cf0:   0000000000000000 ef2c948362d77ee2
0x00007fff60007d00:   0000000000400520 00007fff60007da0
0x00007fff60007d10:   0000000000000000 0000000000000000
0x00007fff60007d20:   10d254839b777ee2 10a613a08c877ee2
0x00007fff60007d30:   00007fff00000000 0000000000000000
0x00007fff60007d40:   0000000000000000 00000000004009a0
0x00007fff60007d50:   00007fff60007da8 0000000000000001
0x00007fff60007d60:   0000000000000000 0000000000000000
0x00007fff60007d70:   0000000000400520 00007fff60007da0
0x00007fff60007d80:   0000000000000000 0000000000400549 

Instructions: (pc=0x00007fc54417b40f)
0x00007fc54417b3ef:   83 7c 24 08 00 4c 89 65 c0 4c 89 65 90 48 c7 45
0x00007fc54417b3ff:   98 00 00 00 00 74 09 48 8d 7d 90 e8 71 ca 1c 00
0x00007fc54417b40f:   4c 8b 23 4c 89 e7 e8 b6 32 ff ff 4c 63 f8 41 89
0x00007fc54417b41f:   c5 49 83 c7 01 4c 89 ff e8 c4 85 18 00 48 85 c0 

Register to memory mapping:

RAX=0x00007fc54449d6b8: <offset 0x7e06b8> in /usr/lib/jvm/java-6-openjdk-amd64/jre/lib/amd64/server/libjvm.so at 0x00007fc543cbd000
RBX=0x0000000000000000 is an unknown value
RCX=0x0000000000000000 is an unknown value
RDX=0x0000000002007c88 is an unknown value
RSP=0x00007fff60007b90 is pointing into the stack for thread: 0x0000000002007000
RBP=0x00007fff60007c00 is pointing into the stack for thread: 0x0000000002007000
RSI=0x0000000002007000 is a thread
RDI=0x0000000002007000 is a thread
R8 =0x00007fc54417b390: <offset 0x4be390> in /usr/lib/jvm/java-6-openjdk-amd64/jre/lib/amd64/server/libjvm.so at 0x00007fc543cbd000
R9 =0x0000000000020000 is an unknown value
R10=0x00007fc54449d6b8: <offset 0x7e06b8> in /usr/lib/jvm/java-6-openjdk-amd64/jre/lib/amd64/server/libjvm.so at 0x00007fc543cbd000
R11=0x0000000000000020 is an unknown value
R12=0x0000000002007000 is a thread
R13=0x00007fff60007da0 is pointing into the stack for thread: 0x0000000002007000
R14=0x0000000000000000 is an unknown value
R15=0x0000000000000000 is an unknown value


Stack: [0x00007fff5ff0b000,0x00007fff6000b000],  sp=0x00007fff60007b90,  free space=1010k
Native frames: (J=compiled Java code, j=interpreted, Vv=VM code, C=native code)
V  [libjvm.so+0x4be40f]  jni_GetStringUTFChars+0x7f
C  [main+0x784]  printf@@GLIBC_2.2.5+0x784


---------------  P R O C E S S  ---------------

Java Threads: ( => current thread )
  0x0000000002099000 JavaThread "Low Memory Detector" daemon [_thread_blocked, id=14739, stack(0x00007fc53e0ef000,0x00007fc53e1f0000)]
  0x0000000002097000 JavaThread "C2 CompilerThread1" daemon [_thread_blocked, id=14738, stack(0x00007fc53e1f0000,0x00007fc53e2f1000)]
  0x0000000002094000 JavaThread "C2 CompilerThread0" daemon [_thread_blocked, id=14737, stack(0x00007fc53e2f1000,0x00007fc53e3f2000)]
  0x0000000002086000 JavaThread "Signal Dispatcher" daemon [_thread_blocked, id=14736, stack(0x00007fc53e3f2000,0x00007fc53e4f3000)]
  0x0000000002074000 JavaThread "Finalizer" daemon [_thread_blocked, id=14735, stack(0x00007fc53e67c000,0x00007fc53e77d000)]
  0x0000000002072000 JavaThread "Reference Handler" daemon [_thread_blocked, id=14734, stack(0x00007fc53e77d000,0x00007fc53e87e000)]
=>0x0000000002007000 JavaThread "main" [_thread_in_vm, id=14730, stack(0x00007fff5ff0b000,0x00007fff6000b000)]

Other Threads:
  0x000000000206b000 VMThread [stack: 0x00007fc53e87e000,0x00007fc53e97f000] [id=14733]
  0x000000000209c000 WatcherThread [stack: 0x00007fc53dfee000,0x00007fc53e0ef000] [id=14740]

VM state:not at safepoint (normal execution)

VM Mutex/Monitor currently owned by a thread: None

Heap
 PSYoungGen      total 9408K, used 325K [0x00000000f2200000, 0x00000000f2c70000, 0x0000000100000000)
  eden space 8128K, 4% used [0x00000000f2200000,0x00000000f2251650,0x00000000f29f0000)
  from space 1280K, 0% used [0x00000000f2b30000,0x00000000f2b30000,0x00000000f2c70000)
  to   space 1280K, 0% used [0x00000000f29f0000,0x00000000f29f0000,0x00000000f2b30000)
 PSOldGen        total 21376K, used 0K [0x00000000d6600000, 0x00000000d7ae0000, 0x00000000f2200000)
  object space 21376K, 0% used [0x00000000d6600000,0x00000000d6600000,0x00000000d7ae0000)
 PSPermGen       total 21248K, used 2731K [0x00000000cc000000, 0x00000000cd4c0000, 0x00000000d6600000)
  object space 21248K, 12% used [0x00000000cc000000,0x00000000cc2aacc8,0x00000000cd4c0000)

Code Cache  [0x00007fc53f265000, 0x00007fc53f4d5000, 0x00007fc542265000)
 total_blobs=149 nmethods=0 adapters=117 free_code_cache=49954752 largest_free_block=0

Dynamic libraries:
00400000-00401000 r-xp 00000000 08:01 3697843                            /home/liuyang/github/embed-scala-test/main
00600000-00601000 r--p 00000000 08:01 3697843                            /home/liuyang/github/embed-scala-test/main
00601000-00602000 rw-p 00001000 08:01 3697843                            /home/liuyang/github/embed-scala-test/main
02002000-020ef000 rw-p 00000000 00:00 0                                  [heap]
cc000000-cd4c0000 rw-p 00000000 00:00 0 
cd4c0000-d6600000 rw-p 00000000 00:00 0 
d6600000-d7ae0000 rw-p 00000000 00:00 0 
d7ae0000-f2200000 rw-p 00000000 00:00 0 
f2200000-f2c70000 rw-p 00000000 00:00 0 
f2c70000-100000000 rw-p 00000000 00:00 0 
7fc510000000-7fc510021000 rw-p 00000000 00:00 0 
7fc510021000-7fc514000000 ---p 00000000 00:00 0 
7fc518000000-7fc518021000 rw-p 00000000 00:00 0 
7fc518021000-7fc51c000000 ---p 00000000 00:00 0 
7fc51c000000-7fc51c021000 rw-p 00000000 00:00 0 
7fc51c021000-7fc520000000 ---p 00000000 00:00 0 
7fc520000000-7fc520021000 rw-p 00000000 00:00 0 
7fc520021000-7fc524000000 ---p 00000000 00:00 0 
7fc524000000-7fc524021000 rw-p 00000000 00:00 0 
7fc524021000-7fc528000000 ---p 00000000 00:00 0 
7fc528000000-7fc528021000 rw-p 00000000 00:00 0 
7fc528021000-7fc52c000000 ---p 00000000 00:00 0 
7fc52c000000-7fc52c021000 rw-p 00000000 00:00 0 
7fc52c021000-7fc530000000 ---p 00000000 00:00 0 
7fc530000000-7fc530021000 rw-p 00000000 00:00 0 
7fc530021000-7fc534000000 ---p 00000000 00:00 0 
7fc534000000-7fc534021000 rw-p 00000000 00:00 0 
7fc534021000-7fc538000000 ---p 00000000 00:00 0 
7fc538000000-7fc538021000 rw-p 00000000 00:00 0 
7fc538021000-7fc53c000000 ---p 00000000 00:00 0 
7fc53dfee000-7fc53dfef000 ---p 00000000 00:00 0 
7fc53dfef000-7fc53e0ef000 rw-p 00000000 00:00 0 
7fc53e0ef000-7fc53e0f2000 ---p 00000000 00:00 0 
7fc53e0f2000-7fc53e1f0000 rw-p 00000000 00:00 0 
7fc53e1f0000-7fc53e1f3000 ---p 00000000 00:00 0 
7fc53e1f3000-7fc53e2f1000 rw-p 00000000 00:00 0 
7fc53e2f1000-7fc53e2f4000 ---p 00000000 00:00 0 
7fc53e2f4000-7fc53e3f2000 rw-p 00000000 00:00 0 
7fc53e3f2000-7fc53e3f5000 ---p 00000000 00:00 0 
7fc53e3f5000-7fc53e4f3000 rw-p 00000000 00:00 0 
7fc53e4f3000-7fc53e67c000 r--p 00000000 08:01 3937883                    /usr/lib/locale/locale-archive
7fc53e67c000-7fc53e67f000 ---p 00000000 00:00 0 
7fc53e67f000-7fc53e77d000 rw-p 00000000 00:00 0 
7fc53e77d000-7fc53e780000 ---p 00000000 00:00 0 
7fc53e780000-7fc53e87e000 rw-p 00000000 00:00 0 
7fc53e87e000-7fc53e87f000 ---p 00000000 00:00 0 
7fc53e87f000-7fc53ecb5000 rw-p 00000000 00:00 0 
7fc53ecb5000-7fc53ee47000 r--s 037bf000 08:01 264398                     /usr/lib/jvm/java-6-openjdk-amd64/jre/lib/rt.jar
7fc53ee47000-7fc53ee6f000 rw-p 00000000 00:00 0 
7fc53ee6f000-7fc53ee70000 ---p 00000000 00:00 0 
7fc53ee70000-7fc53ef70000 rw-p 00000000 00:00 0 
7fc53ef70000-7fc53ef71000 ---p 00000000 00:00 0 
7fc53ef71000-7fc53f07c000 rw-p 00000000 00:00 0 
7fc53f07c000-7fc53f0c4000 rw-p 00000000 00:00 0 
7fc53f0c4000-7fc53f0cf000 rw-p 00000000 00:00 0 
7fc53f0cf000-7fc53f117000 rw-p 00000000 00:00 0 
7fc53f117000-7fc53f122000 rw-p 00000000 00:00 0 
7fc53f122000-7fc53f1f5000 rw-p 00000000 00:00 0 
7fc53f1f5000-7fc53f1fb000 rw-p 00000000 00:00 0 
7fc53f1fb000-7fc53f264000 rw-p 00000000 00:00 0 
7fc53f264000-7fc53f265000 rw-p 00000000 00:00 0 
7fc53f265000-7fc53f4d5000 rwxp 00000000 00:00 0 
7fc53f4d5000-7fc542265000 rw-p 00000000 00:00 0 
7fc542265000-7fc54227b000 r-xp 00000000 08:01 524516                     /lib/x86_64-linux-gnu/libz.so.1.2.3.4
7fc54227b000-7fc54247a000 ---p 00016000 08:01 524516                     /lib/x86_64-linux-gnu/libz.so.1.2.3.4
7fc54247a000-7fc54247b000 r--p 00015000 08:01 524516                     /lib/x86_64-linux-gnu/libz.so.1.2.3.4
7fc54247b000-7fc54247c000 rw-p 00016000 08:01 524516                     /lib/x86_64-linux-gnu/libz.so.1.2.3.4
7fc54247c000-7fc542483000 r-xp 00000000 08:01 264443                     /usr/lib/jvm/java-6-openjdk-amd64/jre/lib/amd64/libzip.so
7fc542483000-7fc542682000 ---p 00007000 08:01 264443                     /usr/lib/jvm/java-6-openjdk-amd64/jre/lib/amd64/libzip.so
7fc542682000-7fc542683000 r--p 00006000 08:01 264443                     /usr/lib/jvm/java-6-openjdk-amd64/jre/lib/amd64/libzip.so
7fc542683000-7fc542684000 rw-p 00007000 08:01 264443                     /usr/lib/jvm/java-6-openjdk-amd64/jre/lib/amd64/libzip.so
7fc542684000-7fc5426b0000 r-xp 00000000 08:01 264428                     /usr/lib/jvm/java-6-openjdk-amd64/jre/lib/amd64/libjava.so
7fc5426b0000-7fc5428af000 ---p 0002c000 08:01 264428                     /usr/lib/jvm/java-6-openjdk-amd64/jre/lib/amd64/libjava.so
7fc5428af000-7fc5428b0000 r--p 0002b000 08:01 264428                     /usr/lib/jvm/java-6-openjdk-amd64/jre/lib/amd64/libjava.so
7fc5428b0000-7fc5428b3000 rw-p 0002c000 08:01 264428                     /usr/lib/jvm/java-6-openjdk-amd64/jre/lib/amd64/libjava.so
7fc5428b3000-7fc5428c1000 r-xp 00000000 08:01 264427                     /usr/lib/jvm/java-6-openjdk-amd64/jre/lib/amd64/libverify.so
7fc5428c1000-7fc542ac0000 ---p 0000e000 08:01 264427                     /usr/lib/jvm/java-6-openjdk-amd64/jre/lib/amd64/libverify.so
7fc542ac0000-7fc542ac2000 r--p 0000d000 08:01 264427                     /usr/lib/jvm/java-6-openjdk-amd64/jre/lib/amd64/libverify.so
7fc542ac2000-7fc542ac3000 rw-p 0000f000 08:01 264427                     /usr/lib/jvm/java-6-openjdk-amd64/jre/lib/amd64/libverify.so
7fc542ac3000-7fc542aca000 r-xp 00000000 08:01 528232                     /lib/x86_64-linux-gnu/librt-2.15.so
7fc542aca000-7fc542cc9000 ---p 00007000 08:01 528232                     /lib/x86_64-linux-gnu/librt-2.15.so
7fc542cc9000-7fc542cca000 r--p 00006000 08:01 528232                     /lib/x86_64-linux-gnu/librt-2.15.so
7fc542cca000-7fc542ccb000 rw-p 00007000 08:01 528232                     /lib/x86_64-linux-gnu/librt-2.15.so
7fc542ccb000-7fc542ce0000 r-xp 00000000 08:01 524332                     /lib/x86_64-linux-gnu/libgcc_s.so.1
7fc542ce0000-7fc542edf000 ---p 00015000 08:01 524332                     /lib/x86_64-linux-gnu/libgcc_s.so.1
7fc542edf000-7fc542ee0000 r--p 00014000 08:01 524332                     /lib/x86_64-linux-gnu/libgcc_s.so.1
7fc542ee0000-7fc542ee1000 rw-p 00015000 08:01 524332                     /lib/x86_64-linux-gnu/libgcc_s.so.1
7fc542ee1000-7fc542ef9000 r-xp 00000000 08:01 528230                     /lib/x86_64-linux-gnu/libpthread-2.15.so
7fc542ef9000-7fc5430f8000 ---p 00018000 08:01 528230                     /lib/x86_64-linux-gnu/libpthread-2.15.so
7fc5430f8000-7fc5430f9000 r--p 00017000 08:01 528230                     /lib/x86_64-linux-gnu/libpthread-2.15.so
7fc5430f9000-7fc5430fa000 rw-p 00018000 08:01 528230                     /lib/x86_64-linux-gnu/libpthread-2.15.so
7fc5430fa000-7fc5430fe000 rw-p 00000000 00:00 0 
7fc5430fe000-7fc543100000 r-xp 00000000 08:01 528227                     /lib/x86_64-linux-gnu/libdl-2.15.so
7fc543100000-7fc543300000 ---p 00002000 08:01 528227                     /lib/x86_64-linux-gnu/libdl-2.15.so
7fc543300000-7fc543301000 r--p 00002000 08:01 528227                     /lib/x86_64-linux-gnu/libdl-2.15.so
7fc543301000-7fc543302000 rw-p 00003000 08:01 528227                     /lib/x86_64-linux-gnu/libdl-2.15.so
7fc543302000-7fc5433fd000 r-xp 00000000 08:01 528236                     /lib/x86_64-linux-gnu/libm-2.15.so
7fc5433fd000-7fc5435fc000 ---p 000fb000 08:01 528236                     /lib/x86_64-linux-gnu/libm-2.15.so
7fc5435fc000-7fc5435fd000 r--p 000fa000 08:01 528236                     /lib/x86_64-linux-gnu/libm-2.15.so
7fc5435fd000-7fc5435fe000 rw-p 000fb000 08:01 528236                     /lib/x86_64-linux-gnu/libm-2.15.so
7fc5435fe000-7fc5436e0000 r-xp 00000000 08:01 3937133                    /usr/lib/x86_64-linux-gnu/libstdc++.so.6.0.16
7fc5436e0000-7fc5438df000 ---p 000e2000 08:01 3937133                    /usr/lib/x86_64-linux-gnu/libstdc++.so.6.0.16
7fc5438df000-7fc5438e7000 r--p 000e1000 08:01 3937133                    /usr/lib/x86_64-linux-gnu/libstdc++.so.6.0.16
7fc5438e7000-7fc5438e9000 rw-p 000e9000 08:01 3937133                    /usr/lib/x86_64-linux-gnu/libstdc++.so.6.0.16
7fc5438e9000-7fc5438fe000 rw-p 00000000 00:00 0 
7fc5438fe000-7fc543ab3000 r-xp 00000000 08:01 528228                     /lib/x86_64-linux-gnu/libc-2.15.so
7fc543ab3000-7fc543cb2000 ---p 001b5000 08:01 528228                     /lib/x86_64-linux-gnu/libc-2.15.so
7fc543cb2000-7fc543cb6000 r--p 001b4000 08:01 528228                     /lib/x86_64-linux-gnu/libc-2.15.so
7fc543cb6000-7fc543cb8000 rw-p 001b8000 08:01 528228                     /lib/x86_64-linux-gnu/libc-2.15.so
7fc543cb8000-7fc543cbd000 rw-p 00000000 00:00 0 
7fc543cbd000-7fc5445c1000 r-xp 00000000 08:01 264433                     /usr/lib/jvm/java-6-openjdk-amd64/jre/lib/amd64/server/libjvm.so
7fc5445c1000-7fc5447c1000 ---p 00904000 08:01 264433                     /usr/lib/jvm/java-6-openjdk-amd64/jre/lib/amd64/server/libjvm.so
7fc5447c1000-7fc544841000 r--p 00904000 08:01 264433                     /usr/lib/jvm/java-6-openjdk-amd64/jre/lib/amd64/server/libjvm.so
7fc544841000-7fc54485c000 rw-p 00984000 08:01 264433                     /usr/lib/jvm/java-6-openjdk-amd64/jre/lib/amd64/server/libjvm.so
7fc54485c000-7fc544885000 rw-p 00000000 00:00 0 
7fc544885000-7fc5448a7000 r-xp 00000000 08:01 528242                     /lib/x86_64-linux-gnu/ld-2.15.so
7fc5448b1000-7fc5448b3000 r--s 00001000 08:01 263837                     /usr/lib/jvm/java-6-openjdk-common/jre/lib/ext/dnsns.jar
7fc5448b3000-7fc5448b7000 r--s 00038000 08:01 263834                     /usr/lib/jvm/java-6-openjdk-common/jre/lib/ext/sunpkcs11.jar
7fc5448b7000-7fc5448b8000 r--s 00007000 08:01 3936439                    /usr/share/java/java-atk-wrapper.jar
7fc5448b8000-7fc5448bb000 r--s 00031000 08:01 263836                     /usr/lib/jvm/java-6-openjdk-common/jre/lib/ext/sunjce_provider.jar
7fc5448bb000-7fc5448c6000 rw-p 00000000 00:00 0 
7fc5448c6000-7fc544999000 rw-p 00000000 00:00 0 
7fc544999000-7fc5449a3000 rw-p 00000000 00:00 0 
7fc5449a3000-7fc544a59000 rw-p 00000000 00:00 0 
7fc544a59000-7fc544a8e000 r--s 00000000 08:01 675517                     /var/cache/nscd/passwd
7fc544a8e000-7fc544a95000 rw-p 00000000 00:00 0 
7fc544a95000-7fc544a98000 r--s 00077000 08:01 263835                     /usr/lib/jvm/java-6-openjdk-common/jre/lib/ext/localedata.jar
7fc544a98000-7fc544a9a000 r--s 0000f000 08:01 263838                     /usr/lib/jvm/java-6-openjdk-common/jre/lib/ext/pulse-java.jar
7fc544a9a000-7fc544aa2000 rw-s 00000000 08:01 2634973                    /tmp/hsperfdata_liuyang/14730
7fc544aa2000-7fc544aa3000 rw-p 00000000 00:00 0 
7fc544aa3000-7fc544aa4000 r--p 00000000 00:00 0 
7fc544aa4000-7fc544aa7000 rw-p 00000000 00:00 0 
7fc544aa7000-7fc544aa8000 r--p 00022000 08:01 528242                     /lib/x86_64-linux-gnu/ld-2.15.so
7fc544aa8000-7fc544aaa000 rw-p 00023000 08:01 528242                     /lib/x86_64-linux-gnu/ld-2.15.so
7fff5ff0b000-7fff5ff0e000 ---p 00000000 00:00 0 
7fff5ff0f000-7fff6000b000 rw-p 00000000 00:00 0                          [stack]
7fff6011e000-7fff6011f000 r-xp 00000000 00:00 0                          [vdso]
ffffffffff600000-ffffffffff601000 r-xp 00000000 00:00 0                  [vsyscall]

VM Arguments:
jvm_args: -Djava.library.path=./scala-library.jar;./util-core_2.9.2-6.3.6.jar;./util-eval_2.9.2-6.3.6.jar 
java_command: <unknown>
Launcher Type: generic

Environment Variables:
PATH=/home/liuyang/.opam/3.12.1/bin:/home/liuyang/perl5/bin:/home/liuyang/perl5/bin:/home/liuyang/perl5/bin:/home/liuyang/perl5/bin:/home/liuyang/perl5/bin:/home/liuyang/bin:/home/liuyang/perl5/bin:/home/liuyang/.rvm/gems/ruby-2.0.0-p0/bin:/home/liuyang/.rvm/gems/ruby-2.0.0-p0@global/bin:/home/liuyang/.rvm/rubies/ruby-2.0.0-p0/bin:/home/liuyang/.rvm/bin:/usr/local/sbin:/usr/local/bin:/usr/sbin:/usr/bin:/sbin:/bin:/usr/games:/usr/local/godi/bin:/usr/local/godi/sbin:/usr/local/mercury-11.07.2/bin:/usr/local/godi/bin:/usr/local/godi/sbin:/home/liuyang/.rvm/bin:/home/liuyang/bin:/home/liuyang/clojure:/usr/local/mercury-11.07.2/bin:/usr/local/godi/bin:/usr/local/godi/sbin:/home/liuyang/.rvm/bin:/home/liuyang/bin:/home/liuyang/clojure:/usr/local/mercury-11.07.2/bin:/usr/local/godi/bin:/usr/local/godi/sbin:/home/liuyang/.rvm/bin:/home/liuyang/bin:/home/liuyang/clojure:/usr/local/mercury-11.07.2/bin:/usr/local/godi/bin:/usr/local/godi/sbin:/home/liuyang/.rvm/bin:/home/liuyang/bin:/home/liuyang/clojure:/usr/local/mercury-11.07.2/bin:/usr/local/godi/bin:/usr/local/godi/sbin:/home/liuyang/.rvm/bin:/home/liuyang/bin:/home/liuyang/clojure:/usr/local/mercury-11.07.2/bin:/usr/local/godi/bin:/usr/local/godi/sbin:/home/liuyang/.rvm/bin:/home/liuyang/bin:/home/liuyang/clojure
LD_LIBRARY_PATH=/usr/lib/jvm/java-6-openjdk-amd64/jre/lib/amd64:/usr/lib/jvm/java-6-openjdk-amd64/jre/lib/amd64/server:/usr/lib/jvm/java-6-openjdk-amd64/jre/lib/amd64:/usr/lib/jvm/java-6-openjdk-amd64/jre/lib/amd64/cacao:/usr/lib/jvm/java-6-openjdk-amd64/jre/lib/amd64/cacao::/usr/lib/jvm/java-6-openjdk-amd64/jre/lib/amd64:/usr/lib/jvm/java-6-openjdk-amd64/jre/lib/amd64:/usr/lib/jvm/java-6-openjdk-amd64/jre/lib/amd64/cacao:/usr/lib/jvm/java-6-openjdk-amd64/jre/lib/amd64
SHELL=/bin/bash
DISPLAY=localhost:23.0

Signal Handlers:
SIGSEGV: [libjvm.so+0x784310], sa_mask[0]=0x7ffbfeff, sa_flags=0x10000004
SIGBUS: [libjvm.so+0x784310], sa_mask[0]=0x7ffbfeff, sa_flags=0x10000004
SIGFPE: [libjvm.so+0x648580], sa_mask[0]=0x7ffbfeff, sa_flags=0x10000004
SIGPIPE: [libjvm.so+0x648580], sa_mask[0]=0x7ffbfeff, sa_flags=0x10000004
SIGXFSZ: [libjvm.so+0x648580], sa_mask[0]=0x7ffbfeff, sa_flags=0x10000004
SIGILL: [libjvm.so+0x648580], sa_mask[0]=0x7ffbfeff, sa_flags=0x10000004
SIGUSR1: SIG_DFL, sa_mask[0]=0x00000000, sa_flags=0x00000000
SIGUSR2: [libjvm.so+0x648730], sa_mask[0]=0x00000000, sa_flags=0x10000004
SIGHUP: [libjvm.so+0x64b250], sa_mask[0]=0x7ffbfeff, sa_flags=0x10000004
SIGINT: [libjvm.so+0x64b250], sa_mask[0]=0x7ffbfeff, sa_flags=0x10000004
SIGTERM: [libjvm.so+0x64b250], sa_mask[0]=0x7ffbfeff, sa_flags=0x10000004
SIGQUIT: [libjvm.so+0x64b250], sa_mask[0]=0x7ffbfeff, sa_flags=0x10000004


---------------  S Y S T E M  ---------------

OS:Ubuntu 12.04 (precise)
uname:Linux 3.2.0-29-generic #46-Ubuntu SMP Fri Jul 27 17:03:23 UTC 2012 x86_64
libc:glibc 2.15 NPTL 2.15 
rlimit: STACK 8192k, CORE 0k, NPROC 15885, NOFILE 4096, AS infinity
load average:0.11 0.15 0.20

/proc/meminfo:
MemTotal:        2050888 kB
MemFree:          200708 kB
Buffers:          175452 kB
Cached:           583564 kB
SwapCached:        23384 kB
Active:           343048 kB
Inactive:         502936 kB
Active(anon):      27932 kB
Inactive(anon):    98500 kB
Active(file):     315116 kB
Inactive(file):   404436 kB
Unevictable:      826984 kB
Mlocked:          826980 kB
SwapTotal:       2095100 kB
SwapFree:        1792712 kB
Dirty:               176 kB
Writeback:             0 kB
AnonPages:        903888 kB
Mapped:            56420 kB
Shmem:                28 kB
Slab:             132472 kB
SReclaimable:     115264 kB
SUnreclaim:        17208 kB
KernelStack:        1856 kB
PageTables:         9668 kB
NFS_Unstable:          0 kB
Bounce:                0 kB
WritebackTmp:          0 kB
CommitLimit:     3120544 kB
Committed_AS:    2160304 kB
VmallocTotal:   34359738367 kB
VmallocUsed:      273940 kB
VmallocChunk:   34359461752 kB
HardwareCorrupted:     0 kB
AnonHugePages:         0 kB
HugePages_Total:       0
HugePages_Free:        0
HugePages_Rsvd:        0
HugePages_Surp:        0
Hugepagesize:       2048 kB
DirectMap4k:       38912 kB
DirectMap2M:     2058240 kB


CPU:total 2 (1 cores per cpu, 1 threads per core) family 6 model 42 stepping 7, cmov, cx8, fxsr, mmx, sse, sse2, sse3, ssse3, sse4.1, sse4.2, popcnt

Memory: 4k page, physical 2050888k(200708k free), swap 2095100k(1792712k free)

vm_info: OpenJDK 64-Bit Server VM (20.0-b12) for linux-amd64 JRE (1.6.0_24-b24), built on Sep  2 2012 19:50:47 by "buildd" with gcc 4.6.3

time: Thu Sep 26 13:35:14 2013
elapsed time: 0 seconds

