#
# A fatal error has been detected by the Java Runtime Environment:
#
#  SIGSEGV (0xb) at pc=0x00007f980326540f, pid=14040, tid=140290874124096
#
# JRE version: 6.0_24-b24
# Java VM: OpenJDK 64-Bit Server VM (20.0-b12 mixed mode linux-amd64 compressed oops)
# Derivative: IcedTea6 1.11.4
# Distribution: Ubuntu 12.04 LTS, package 6b24-1.11.4-1ubuntu0.12.04.1
# Problematic frame:
# V  [libjvm.so+0x4be40f]  jni_GetStringUTFChars+0x7f
#
# If you would like to submit a bug report, please include
# instructions how to reproduce the bug and visit:
#   https://bugs.launchpad.net/ubuntu/+source/openjdk-6/
#

---------------  T H R E A D  ---------------

Current thread (0x000000000166a000):  JavaThread "main" [_thread_in_vm, id=14040, stack(0x00007fff614ce000,0x00007fff615ce000)]

siginfo:si_signo=SIGSEGV: si_errno=0, si_code=1 (SEGV_MAPERR), si_addr=0x0000000000000000

Registers:
RAX=0x00007f98035876b8, RBX=0x0000000000000000, RCX=0x0000000000000000, RDX=0x000000000166ab18
RSP=0x00007fff615cc550, RBP=0x00007fff615cc5c0, RSI=0x000000000166a000, RDI=0x000000000166a000
R8 =0x00007f9803265390, R9 =0x0000000000020000, R10=0x00007f98035876b8, R11=0x0000000000000020
R12=0x000000000166a000, R13=0x00007fff615cc760, R14=0x0000000000000000, R15=0x0000000000000000
RIP=0x00007f980326540f, EFLAGS=0x0000000000010287, CSGSFS=0x0000000000000033, ERR=0x0000000000000004
  TRAPNO=0x000000000000000e

Top of Stack: (sp=0x00007fff615cc550)
0x00007fff615cc550:   000000000166a000 000000000166ab10
0x00007fff615cc560:   00000000000001b8 00007f98035876b8
0x00007fff615cc570:   000000000166a000 00007f9802a62eb5
0x00007fff615cc580:   000000000166a000 00007f9802a631ff
0x00007fff615cc590:   000000000166a000 0000000000000000
0x00007fff615cc5a0:   0000000000400520 00007fff615cc760
0x00007fff615cc5b0:   0000000000000000 0000000000000000
0x00007fff615cc5c0:   00007fff615cc680 0000000000400784
0x00007fff615cc5d0:   0000000000400a90 00007f98029f89f8
0x00007fff615cc5e0:   0000000000400aa8 00000000004003b5
0x00007fff615cc5f0:   0000000200010004 00007fff615cc5d0
0x00007fff615cc600:   0000000000000000 000000000166a1d0
0x00007fff615cc610:   00007f9803935860 0000000000000000
0x00007fff615cc620:   000000000166b5e0 00000000016c9d78
0x00007fff615cc630:   0000000000400b60 000000000166b5e8
0x00007fff615cc640:   0000000000000000 00000000004009e5
0x00007fff615cc650:   00007fff615cc778 00000000004009a0
0x00007fff615cc660:   0000000000000000 0000000000400520
0x00007fff615cc670:   00007fff615cc760 0000000000000000
0x00007fff615cc680:   0000000000000000 00007f9802a0976d
0x00007fff615cc690:   0000000000000000 00007fff615cc768
0x00007fff615cc6a0:   0000000100000000 0000000000400604
0x00007fff615cc6b0:   0000000000000000 246fbeb93df9c871
0x00007fff615cc6c0:   0000000000400520 00007fff615cc760
0x00007fff615cc6d0:   0000000000000000 0000000000000000
0x00007fff615cc6e0:   db917c00b0d9c871 db5fbbf813a9c871
0x00007fff615cc6f0:   00007fff00000000 0000000000000000
0x00007fff615cc700:   0000000000000000 00000000004009a0
0x00007fff615cc710:   00007fff615cc768 0000000000000001
0x00007fff615cc720:   0000000000000000 0000000000000000
0x00007fff615cc730:   0000000000400520 00007fff615cc760
0x00007fff615cc740:   0000000000000000 0000000000400549 

Instructions: (pc=0x00007f980326540f)
0x00007f98032653ef:   83 7c 24 08 00 4c 89 65 c0 4c 89 65 90 48 c7 45
0x00007f98032653ff:   98 00 00 00 00 74 09 48 8d 7d 90 e8 71 ca 1c 00
0x00007f980326540f:   4c 8b 23 4c 89 e7 e8 b6 32 ff ff 4c 63 f8 41 89
0x00007f980326541f:   c5 49 83 c7 01 4c 89 ff e8 c4 85 18 00 48 85 c0 

Register to memory mapping:

RAX=0x00007f98035876b8: <offset 0x7e06b8> in /usr/lib/jvm/java-6-openjdk-amd64/jre/lib/amd64/server/libjvm.so at 0x00007f9802da7000
RBX=0x0000000000000000 is an unknown value
RCX=0x0000000000000000 is an unknown value
RDX=0x000000000166ab18 is an unknown value
RSP=0x00007fff615cc550 is pointing into the stack for thread: 0x000000000166a000
RBP=0x00007fff615cc5c0 is pointing into the stack for thread: 0x000000000166a000
RSI=0x000000000166a000 is a thread
RDI=0x000000000166a000 is a thread
R8 =0x00007f9803265390: <offset 0x4be390> in /usr/lib/jvm/java-6-openjdk-amd64/jre/lib/amd64/server/libjvm.so at 0x00007f9802da7000
R9 =0x0000000000020000 is an unknown value
R10=0x00007f98035876b8: <offset 0x7e06b8> in /usr/lib/jvm/java-6-openjdk-amd64/jre/lib/amd64/server/libjvm.so at 0x00007f9802da7000
R11=0x0000000000000020 is an unknown value
R12=0x000000000166a000 is a thread
R13=0x00007fff615cc760 is pointing into the stack for thread: 0x000000000166a000
R14=0x0000000000000000 is an unknown value
R15=0x0000000000000000 is an unknown value


Stack: [0x00007fff614ce000,0x00007fff615ce000],  sp=0x00007fff615cc550,  free space=1017k
Native frames: (J=compiled Java code, j=interpreted, Vv=VM code, C=native code)
V  [libjvm.so+0x4be40f]  jni_GetStringUTFChars+0x7f
C  [main+0x784]  printf@@GLIBC_2.2.5+0x784


---------------  P R O C E S S  ---------------

Java Threads: ( => current thread )
  0x00000000016fc000 JavaThread "Low Memory Detector" daemon [_thread_blocked, id=14049, stack(0x00007f97fd201000,0x00007f97fd302000)]
  0x00000000016f9800 JavaThread "C2 CompilerThread1" daemon [_thread_blocked, id=14048, stack(0x00007f97fd302000,0x00007f97fd403000)]
  0x00000000016f7000 JavaThread "C2 CompilerThread0" daemon [_thread_blocked, id=14047, stack(0x00007f97fd403000,0x00007f97fd504000)]
  0x00000000016e8800 JavaThread "Signal Dispatcher" daemon [_thread_blocked, id=14046, stack(0x00007f97fd504000,0x00007f97fd605000)]
  0x00000000016d7000 JavaThread "Finalizer" daemon [_thread_blocked, id=14045, stack(0x00007f97fd78e000,0x00007f97fd88f000)]
  0x00000000016d5000 JavaThread "Reference Handler" daemon [_thread_blocked, id=14044, stack(0x00007f97fd88f000,0x00007f97fd990000)]
=>0x000000000166a000 JavaThread "main" [_thread_in_vm, id=14040, stack(0x00007fff614ce000,0x00007fff615ce000)]

Other Threads:
  0x00000000016ce000 VMThread [stack: 0x00007f97fd990000,0x00007f97fda91000] [id=14043]
  0x0000000001707000 WatcherThread [stack: 0x00007f97fd100000,0x00007f97fd201000] [id=14050]

VM state:not at safepoint (normal execution)

VM Mutex/Monitor currently owned by a thread: None

Heap
 PSYoungGen      total 9408K, used 325K [0x00000000f2200000, 0x00000000f2c70000, 0x0000000100000000)
  eden space 8128K, 4% used [0x00000000f2200000,0x00000000f2251650,0x00000000f29f0000)
  from space 1280K, 0% used [0x00000000f2b30000,0x00000000f2b30000,0x00000000f2c70000)
  to   space 1280K, 0% used [0x00000000f29f0000,0x00000000f29f0000,0x00000000f2b30000)
 PSOldGen        total 21376K, used 0K [0x00000000d6600000, 0x00000000d7ae0000, 0x00000000f2200000)
  object space 21376K, 0% used [0x00000000d6600000,0x00000000d6600000,0x00000000d7ae0000)
 PSPermGen       total 21248K, used 2730K [0x00000000cc000000, 0x00000000cd4c0000, 0x00000000d6600000)
  object space 21248K, 12% used [0x00000000cc000000,0x00000000cc2aaaa0,0x00000000cd4c0000)

Code Cache  [0x00007f97fe34f000, 0x00007f97fe5bf000, 0x00007f980134f000)
 total_blobs=149 nmethods=0 adapters=117 free_code_cache=49954752 largest_free_block=0

Dynamic libraries:
00400000-00401000 r-xp 00000000 08:01 3697843                            /home/liuyang/github/embed-scala-test/main
00600000-00601000 r--p 00000000 08:01 3697843                            /home/liuyang/github/embed-scala-test/main
00601000-00602000 rw-p 00001000 08:01 3697843                            /home/liuyang/github/embed-scala-test/main
01665000-01751000 rw-p 00000000 00:00 0                                  [heap]
cc000000-cd4c0000 rw-p 00000000 00:00 0 
cd4c0000-d6600000 rw-p 00000000 00:00 0 
d6600000-d7ae0000 rw-p 00000000 00:00 0 
d7ae0000-f2200000 rw-p 00000000 00:00 0 
f2200000-f2c70000 rw-p 00000000 00:00 0 
f2c70000-100000000 rw-p 00000000 00:00 0 
7f97d0000000-7f97d0021000 rw-p 00000000 00:00 0 
7f97d0021000-7f97d4000000 ---p 00000000 00:00 0 
7f97d4000000-7f97d4021000 rw-p 00000000 00:00 0 
7f97d4021000-7f97d8000000 ---p 00000000 00:00 0 
7f97d8000000-7f97d8021000 rw-p 00000000 00:00 0 
7f97d8021000-7f97dc000000 ---p 00000000 00:00 0 
7f97dc000000-7f97dc021000 rw-p 00000000 00:00 0 
7f97dc021000-7f97e0000000 ---p 00000000 00:00 0 
7f97e0000000-7f97e0021000 rw-p 00000000 00:00 0 
7f97e0021000-7f97e4000000 ---p 00000000 00:00 0 
7f97e4000000-7f97e4021000 rw-p 00000000 00:00 0 
7f97e4021000-7f97e8000000 ---p 00000000 00:00 0 
7f97e8000000-7f97e8021000 rw-p 00000000 00:00 0 
7f97e8021000-7f97ec000000 ---p 00000000 00:00 0 
7f97ec000000-7f97ec021000 rw-p 00000000 00:00 0 
7f97ec021000-7f97f0000000 ---p 00000000 00:00 0 
7f97f0000000-7f97f0021000 rw-p 00000000 00:00 0 
7f97f0021000-7f97f4000000 ---p 00000000 00:00 0 
7f97f5f31000-7f97f5f59000 rw-p 00000000 00:00 0 
7f97f8000000-7f97f8021000 rw-p 00000000 00:00 0 
7f97f8021000-7f97fc000000 ---p 00000000 00:00 0 
7f97fd100000-7f97fd101000 ---p 00000000 00:00 0 
7f97fd101000-7f97fd201000 rw-p 00000000 00:00 0 
7f97fd201000-7f97fd204000 ---p 00000000 00:00 0 
7f97fd204000-7f97fd302000 rw-p 00000000 00:00 0 
7f97fd302000-7f97fd305000 ---p 00000000 00:00 0 
7f97fd305000-7f97fd403000 rw-p 00000000 00:00 0 
7f97fd403000-7f97fd406000 ---p 00000000 00:00 0 
7f97fd406000-7f97fd504000 rw-p 00000000 00:00 0 
7f97fd504000-7f97fd507000 ---p 00000000 00:00 0 
7f97fd507000-7f97fd605000 rw-p 00000000 00:00 0 
7f97fd605000-7f97fd78e000 r--p 00000000 08:01 3937883                    /usr/lib/locale/locale-archive
7f97fd78e000-7f97fd791000 ---p 00000000 00:00 0 
7f97fd791000-7f97fd88f000 rw-p 00000000 00:00 0 
7f97fd88f000-7f97fd892000 ---p 00000000 00:00 0 
7f97fd892000-7f97fd990000 rw-p 00000000 00:00 0 
7f97fd990000-7f97fd991000 ---p 00000000 00:00 0 
7f97fd991000-7f97fddc7000 rw-p 00000000 00:00 0 
7f97fddc7000-7f97fdf59000 r--s 037bf000 08:01 264398                     /usr/lib/jvm/java-6-openjdk-amd64/jre/lib/rt.jar
7f97fdf59000-7f97fdf5a000 ---p 00000000 00:00 0 
7f97fdf5a000-7f97fe05a000 rw-p 00000000 00:00 0 
7f97fe05a000-7f97fe05b000 ---p 00000000 00:00 0 
7f97fe05b000-7f97fe166000 rw-p 00000000 00:00 0 
7f97fe166000-7f97fe1ae000 rw-p 00000000 00:00 0 
7f97fe1ae000-7f97fe1b9000 rw-p 00000000 00:00 0 
7f97fe1b9000-7f97fe201000 rw-p 00000000 00:00 0 
7f97fe201000-7f97fe20c000 rw-p 00000000 00:00 0 
7f97fe20c000-7f97fe2df000 rw-p 00000000 00:00 0 
7f97fe2df000-7f97fe2e5000 rw-p 00000000 00:00 0 
7f97fe2e5000-7f97fe34e000 rw-p 00000000 00:00 0 
7f97fe34e000-7f97fe34f000 rw-p 00000000 00:00 0 
7f97fe34f000-7f97fe5bf000 rwxp 00000000 00:00 0 
7f97fe5bf000-7f980134f000 rw-p 00000000 00:00 0 
7f980134f000-7f9801365000 r-xp 00000000 08:01 524516                     /lib/x86_64-linux-gnu/libz.so.1.2.3.4
7f9801365000-7f9801564000 ---p 00016000 08:01 524516                     /lib/x86_64-linux-gnu/libz.so.1.2.3.4
7f9801564000-7f9801565000 r--p 00015000 08:01 524516                     /lib/x86_64-linux-gnu/libz.so.1.2.3.4
7f9801565000-7f9801566000 rw-p 00016000 08:01 524516                     /lib/x86_64-linux-gnu/libz.so.1.2.3.4
7f9801566000-7f980156d000 r-xp 00000000 08:01 264443                     /usr/lib/jvm/java-6-openjdk-amd64/jre/lib/amd64/libzip.so
7f980156d000-7f980176c000 ---p 00007000 08:01 264443                     /usr/lib/jvm/java-6-openjdk-amd64/jre/lib/amd64/libzip.so
7f980176c000-7f980176d000 r--p 00006000 08:01 264443                     /usr/lib/jvm/java-6-openjdk-amd64/jre/lib/amd64/libzip.so
7f980176d000-7f980176e000 rw-p 00007000 08:01 264443                     /usr/lib/jvm/java-6-openjdk-amd64/jre/lib/amd64/libzip.so
7f980176e000-7f980179a000 r-xp 00000000 08:01 264428                     /usr/lib/jvm/java-6-openjdk-amd64/jre/lib/amd64/libjava.so
7f980179a000-7f9801999000 ---p 0002c000 08:01 264428                     /usr/lib/jvm/java-6-openjdk-amd64/jre/lib/amd64/libjava.so
7f9801999000-7f980199a000 r--p 0002b000 08:01 264428                     /usr/lib/jvm/java-6-openjdk-amd64/jre/lib/amd64/libjava.so
7f980199a000-7f980199d000 rw-p 0002c000 08:01 264428                     /usr/lib/jvm/java-6-openjdk-amd64/jre/lib/amd64/libjava.so
7f980199d000-7f98019ab000 r-xp 00000000 08:01 264427                     /usr/lib/jvm/java-6-openjdk-amd64/jre/lib/amd64/libverify.so
7f98019ab000-7f9801baa000 ---p 0000e000 08:01 264427                     /usr/lib/jvm/java-6-openjdk-amd64/jre/lib/amd64/libverify.so
7f9801baa000-7f9801bac000 r--p 0000d000 08:01 264427                     /usr/lib/jvm/java-6-openjdk-amd64/jre/lib/amd64/libverify.so
7f9801bac000-7f9801bad000 rw-p 0000f000 08:01 264427                     /usr/lib/jvm/java-6-openjdk-amd64/jre/lib/amd64/libverify.so
7f9801bad000-7f9801bb4000 r-xp 00000000 08:01 528232                     /lib/x86_64-linux-gnu/librt-2.15.so
7f9801bb4000-7f9801db3000 ---p 00007000 08:01 528232                     /lib/x86_64-linux-gnu/librt-2.15.so
7f9801db3000-7f9801db4000 r--p 00006000 08:01 528232                     /lib/x86_64-linux-gnu/librt-2.15.so
7f9801db4000-7f9801db5000 rw-p 00007000 08:01 528232                     /lib/x86_64-linux-gnu/librt-2.15.so
7f9801db5000-7f9801dca000 r-xp 00000000 08:01 524332                     /lib/x86_64-linux-gnu/libgcc_s.so.1
7f9801dca000-7f9801fc9000 ---p 00015000 08:01 524332                     /lib/x86_64-linux-gnu/libgcc_s.so.1
7f9801fc9000-7f9801fca000 r--p 00014000 08:01 524332                     /lib/x86_64-linux-gnu/libgcc_s.so.1
7f9801fca000-7f9801fcb000 rw-p 00015000 08:01 524332                     /lib/x86_64-linux-gnu/libgcc_s.so.1
7f9801fcb000-7f9801fe3000 r-xp 00000000 08:01 528230                     /lib/x86_64-linux-gnu/libpthread-2.15.so
7f9801fe3000-7f98021e2000 ---p 00018000 08:01 528230                     /lib/x86_64-linux-gnu/libpthread-2.15.so
7f98021e2000-7f98021e3000 r--p 00017000 08:01 528230                     /lib/x86_64-linux-gnu/libpthread-2.15.so
7f98021e3000-7f98021e4000 rw-p 00018000 08:01 528230                     /lib/x86_64-linux-gnu/libpthread-2.15.so
7f98021e4000-7f98021e8000 rw-p 00000000 00:00 0 
7f98021e8000-7f98021ea000 r-xp 00000000 08:01 528227                     /lib/x86_64-linux-gnu/libdl-2.15.so
7f98021ea000-7f98023ea000 ---p 00002000 08:01 528227                     /lib/x86_64-linux-gnu/libdl-2.15.so
7f98023ea000-7f98023eb000 r--p 00002000 08:01 528227                     /lib/x86_64-linux-gnu/libdl-2.15.so
7f98023eb000-7f98023ec000 rw-p 00003000 08:01 528227                     /lib/x86_64-linux-gnu/libdl-2.15.so
7f98023ec000-7f98024e7000 r-xp 00000000 08:01 528236                     /lib/x86_64-linux-gnu/libm-2.15.so
7f98024e7000-7f98026e6000 ---p 000fb000 08:01 528236                     /lib/x86_64-linux-gnu/libm-2.15.so
7f98026e6000-7f98026e7000 r--p 000fa000 08:01 528236                     /lib/x86_64-linux-gnu/libm-2.15.so
7f98026e7000-7f98026e8000 rw-p 000fb000 08:01 528236                     /lib/x86_64-linux-gnu/libm-2.15.so
7f98026e8000-7f98027ca000 r-xp 00000000 08:01 3937133                    /usr/lib/x86_64-linux-gnu/libstdc++.so.6.0.16
7f98027ca000-7f98029c9000 ---p 000e2000 08:01 3937133                    /usr/lib/x86_64-linux-gnu/libstdc++.so.6.0.16
7f98029c9000-7f98029d1000 r--p 000e1000 08:01 3937133                    /usr/lib/x86_64-linux-gnu/libstdc++.so.6.0.16
7f98029d1000-7f98029d3000 rw-p 000e9000 08:01 3937133                    /usr/lib/x86_64-linux-gnu/libstdc++.so.6.0.16
7f98029d3000-7f98029e8000 rw-p 00000000 00:00 0 
7f98029e8000-7f9802b9d000 r-xp 00000000 08:01 528228                     /lib/x86_64-linux-gnu/libc-2.15.so
7f9802b9d000-7f9802d9c000 ---p 001b5000 08:01 528228                     /lib/x86_64-linux-gnu/libc-2.15.so
7f9802d9c000-7f9802da0000 r--p 001b4000 08:01 528228                     /lib/x86_64-linux-gnu/libc-2.15.so
7f9802da0000-7f9802da2000 rw-p 001b8000 08:01 528228                     /lib/x86_64-linux-gnu/libc-2.15.so
7f9802da2000-7f9802da7000 rw-p 00000000 00:00 0 
7f9802da7000-7f98036ab000 r-xp 00000000 08:01 264433                     /usr/lib/jvm/java-6-openjdk-amd64/jre/lib/amd64/server/libjvm.so
7f98036ab000-7f98038ab000 ---p 00904000 08:01 264433                     /usr/lib/jvm/java-6-openjdk-amd64/jre/lib/amd64/server/libjvm.so
7f98038ab000-7f980392b000 r--p 00904000 08:01 264433                     /usr/lib/jvm/java-6-openjdk-amd64/jre/lib/amd64/server/libjvm.so
7f980392b000-7f9803946000 rw-p 00984000 08:01 264433                     /usr/lib/jvm/java-6-openjdk-amd64/jre/lib/amd64/server/libjvm.so
7f9803946000-7f980396f000 rw-p 00000000 00:00 0 
7f980396f000-7f9803991000 r-xp 00000000 08:01 528242                     /lib/x86_64-linux-gnu/ld-2.15.so
7f980399c000-7f980399e000 r--s 00001000 08:01 263837                     /usr/lib/jvm/java-6-openjdk-common/jre/lib/ext/dnsns.jar
7f980399e000-7f98039a2000 r--s 00038000 08:01 263834                     /usr/lib/jvm/java-6-openjdk-common/jre/lib/ext/sunpkcs11.jar
7f98039a2000-7f98039a3000 r--s 00007000 08:01 3936439                    /usr/share/java/java-atk-wrapper.jar
7f98039a3000-7f98039a6000 r--s 00031000 08:01 263836                     /usr/lib/jvm/java-6-openjdk-common/jre/lib/ext/sunjce_provider.jar
7f98039a6000-7f98039b1000 rw-p 00000000 00:00 0 
7f98039b1000-7f9803a84000 rw-p 00000000 00:00 0 
7f9803a84000-7f9803a8e000 rw-p 00000000 00:00 0 
7f9803a8e000-7f9803b44000 rw-p 00000000 00:00 0 
7f9803b44000-7f9803b79000 r--s 00000000 08:01 675517                     /var/cache/nscd/passwd
7f9803b79000-7f9803b7f000 rw-p 00000000 00:00 0 
7f9803b7f000-7f9803b82000 r--s 00077000 08:01 263835                     /usr/lib/jvm/java-6-openjdk-common/jre/lib/ext/localedata.jar
7f9803b82000-7f9803b84000 r--s 0000f000 08:01 263838                     /usr/lib/jvm/java-6-openjdk-common/jre/lib/ext/pulse-java.jar
7f9803b84000-7f9803b8c000 rw-s 00000000 08:01 2634973                    /tmp/hsperfdata_liuyang/14040
7f9803b8c000-7f9803b8d000 rw-p 00000000 00:00 0 
7f9803b8d000-7f9803b8e000 r--p 00000000 00:00 0 
7f9803b8e000-7f9803b91000 rw-p 00000000 00:00 0 
7f9803b91000-7f9803b92000 r--p 00022000 08:01 528242                     /lib/x86_64-linux-gnu/ld-2.15.so
7f9803b92000-7f9803b94000 rw-p 00023000 08:01 528242                     /lib/x86_64-linux-gnu/ld-2.15.so
7fff614ce000-7fff614d1000 ---p 00000000 00:00 0 
7fff614d2000-7fff615ce000 rw-p 00000000 00:00 0                          [stack]
7fff615ff000-7fff61600000 r-xp 00000000 00:00 0                          [vdso]
ffffffffff600000-ffffffffff601000 r-xp 00000000 00:00 0                  [vsyscall]

VM Arguments:
jvm_args: -Djava.library.path=./scala-library.jar;./util-core_2.9.2-6.3.6.jar;./util-eval_2.9.2-6.3.6.jar 
java_command: <unknown>
Launcher Type: generic

Environment Variables:
PATH=/home/liuyang/bin:/home/liuyang/.opam/3.12.1/bin:/home/liuyang/perl5/bin:/home/liuyang/.rvm/gems/ruby-2.0.0-p0/bin:/home/liuyang/.rvm/gems/ruby-2.0.0-p0@global/bin:/home/liuyang/.rvm/rubies/ruby-2.0.0-p0/bin:/home/liuyang/.rvm/bin:/usr/local/sbin:/usr/local/bin:/usr/sbin:/usr/bin:/sbin:/bin:/usr/games:/usr/local/godi/bin:/usr/local/godi/sbin:/usr/local/mercury-11.07.2/bin:/usr/local/godi/bin:/usr/local/godi/sbin:/home/liuyang/.rvm/bin:/home/liuyang/bin:/home/liuyang/clojure
LD_LIBRARY_PATH=/usr/lib/jvm/java-6-openjdk-amd64/jre/lib/amd64:/usr/lib/jvm/java-6-openjdk-amd64/jre/lib/amd64/server:
SHELL=/bin/bash
DISPLAY=localhost:14.0

Signal Handlers:
SIGSEGV: [libjvm.so+0x784310], sa_mask[0]=0x7ffbfeff, sa_flags=0x10000004
SIGBUS: [libjvm.so+0x784310], sa_mask[0]=0x7ffbfeff, sa_flags=0x10000004
SIGFPE: [libjvm.so+0x648580], sa_mask[0]=0x7ffbfeff, sa_flags=0x10000004
SIGPIPE: [libjvm.so+0x648580], sa_mask[0]=0x7ffbfeff, sa_flags=0x10000004
SIGXFSZ: [libjvm.so+0x648580], sa_mask[0]=0x7ffbfeff, sa_flags=0x10000004
SIGILL: [libjvm.so+0x648580], sa_mask[0]=0x7ffbfeff, sa_flags=0x10000004
SIGUSR1: SIG_DFL, sa_mask[0]=0x00000000, sa_flags=0x00000000
SIGUSR2: [libjvm.so+0x648730], sa_mask[0]=0x00000000, sa_flags=0x10000004
SIGHUP: [libjvm.so+0x64b250], sa_mask[0]=0x7ffbfeff, sa_flags=0x10000004
SIGINT: [libjvm.so+0x64b250], sa_mask[0]=0x7ffbfeff, sa_flags=0x10000004
SIGTERM: [libjvm.so+0x64b250], sa_mask[0]=0x7ffbfeff, sa_flags=0x10000004
SIGQUIT: [libjvm.so+0x64b250], sa_mask[0]=0x7ffbfeff, sa_flags=0x10000004


---------------  S Y S T E M  ---------------

OS:Ubuntu 12.04 (precise)
uname:Linux 3.2.0-29-generic #46-Ubuntu SMP Fri Jul 27 17:03:23 UTC 2012 x86_64
libc:glibc 2.15 NPTL 2.15 
rlimit: STACK 8192k, CORE 0k, NPROC 15885, NOFILE 4096, AS infinity
load average:0.33 0.20 0.21

/proc/meminfo:
MemTotal:        2050888 kB
MemFree:          222536 kB
Buffers:          167484 kB
Cached:           571180 kB
SwapCached:        23384 kB
Active:           321212 kB
Inactive:         504324 kB
Active(anon):      27836 kB
Inactive(anon):    98500 kB
Active(file):     293376 kB
Inactive(file):   405824 kB
Unevictable:      825864 kB
Mlocked:          825824 kB
SwapTotal:       2095100 kB
SwapFree:        1792712 kB
Dirty:               144 kB
Writeback:             0 kB
AnonPages:        902596 kB
Mapped:            56388 kB
Shmem:                28 kB
Slab:             132288 kB
SReclaimable:     115240 kB
SUnreclaim:        17048 kB
KernelStack:        1848 kB
PageTables:         9656 kB
NFS_Unstable:          0 kB
Bounce:                0 kB
WritebackTmp:          0 kB
CommitLimit:     3120544 kB
Committed_AS:    2159040 kB
VmallocTotal:   34359738367 kB
VmallocUsed:      273940 kB
VmallocChunk:   34359461752 kB
HardwareCorrupted:     0 kB
AnonHugePages:         0 kB
HugePages_Total:       0
HugePages_Free:        0
HugePages_Rsvd:        0
HugePages_Surp:        0
Hugepagesize:       2048 kB
DirectMap4k:       38912 kB
DirectMap2M:     2058240 kB


CPU:total 2 (1 cores per cpu, 1 threads per core) family 6 model 42 stepping 7, cmov, cx8, fxsr, mmx, sse, sse2, sse3, ssse3, sse4.1, sse4.2, popcnt

Memory: 4k page, physical 2050888k(222536k free), swap 2095100k(1792712k free)

vm_info: OpenJDK 64-Bit Server VM (20.0-b12) for linux-amd64 JRE (1.6.0_24-b24), built on Sep  2 2012 19:50:47 by "buildd" with gcc 4.6.3

time: Thu Sep 26 12:16:39 2013
elapsed time: 0 seconds

